#
# There is insufficient memory for the Java Runtime Environment to continue.
# Native memory allocation (malloc) failed to allocate 1885760 bytes for Chunk::new
# Possible reasons:
#   The system is out of physical RAM or swap space
#   In 32 bit mode, the process size limit was hit
# Possible solutions:
#   Reduce memory load on the system
#   Increase physical memory or swap space
#   Check if swap backing store is full
#   Use 64 bit Java on a 64 bit OS
#   Decrease Java heap size (-Xmx/-Xms)
#   Decrease number of Java threads
#   Decrease Java thread stack sizes (-Xss)
#   Set larger code cache with -XX:ReservedCodeCacheSize=
# This output file may be truncated or incomplete.
#
#  Out of Memory Error (allocation.cpp:390), pid=20180, tid=0x0000000000005b34
#
# JRE version: Java(TM) SE Runtime Environment (8.0_161-b12) (build 1.8.0_161-b12)
# Java VM: Java HotSpot(TM) 64-Bit Server VM (25.161-b12 mixed mode windows-amd64 compressed oops)
# Failed to write core dump. Minidumps are not enabled by default on client versions of Windows
#

---------------  T H R E A D  ---------------

Current thread (0x000000001bd21000):  JavaThread "C2 CompilerThread2" daemon [_thread_in_native, id=23348, stack(0x000000001c620000,0x000000001c720000)]

Stack: [0x000000001c620000,0x000000001c720000]
[error occurred during error reporting (printing stack bounds), id 0xc0000005]

Native frames: (J=compiled Java code, j=interpreted, Vv=VM code, C=native code)


Current CompileTask:
C2:   6836 4931   !   4       java.net.URLClassLoader$1::run (63 bytes)


---------------  P R O C E S S  ---------------

Java Threads: ( => current thread )
  0x0000000020050800 JavaThread "main" [_thread_in_vm, id=10492, stack(0x000000001f9c0000,0x000000001fac0000)]
  0x000000001bdc5800 JavaThread "Service Thread" daemon [_thread_blocked, id=15472, stack(0x000000001c820000,0x000000001c920000)]
  0x000000001bd28000 JavaThread "C1 CompilerThread3" daemon [_thread_blocked, id=24176, stack(0x000000001c720000,0x000000001c820000)]
=>0x000000001bd21000 JavaThread "C2 CompilerThread2" daemon [_thread_in_native, id=23348, stack(0x000000001c620000,0x000000001c720000)]
  0x000000001bd20000 JavaThread "C2 CompilerThread1" daemon [_thread_in_native, id=8228, stack(0x000000001c520000,0x000000001c620000)]
  0x000000001bccb000 JavaThread "C2 CompilerThread0" daemon [_thread_in_native, id=15768, stack(0x000000001c420000,0x000000001c520000)]
  0x000000001bcca000 JavaThread "Attach Listener" daemon [_thread_blocked, id=23892, stack(0x000000001c320000,0x000000001c420000)]
  0x000000001bcc9000 JavaThread "Signal Dispatcher" daemon [_thread_blocked, id=19340, stack(0x000000001c220000,0x000000001c320000)]
  0x000000001bcb0800 JavaThread "Finalizer" daemon [_thread_blocked, id=16724, stack(0x000000001c090000,0x000000001c190000)]
  0x0000000004de9000 JavaThread "Reference Handler" daemon [_thread_blocked, id=8952, stack(0x000000001bb90000,0x000000001bc90000)]
  0x000000000492e800 JavaThread "main" [_thread_blocked, id=24296, stack(0x0000000004800000,0x0000000004900000)]

Other Threads:
  0x0000000019dba000 VMThread [stack: 0x000000001ba90000,0x000000001bb90000] [id=19972]
  0x000000001bdfb800 WatcherThread [stack: 0x000000001c920000,0x000000001ca20000] [id=10456]

VM state:not at safepoint (normal execution)

VM Mutex/Monitor currently owned by a thread: None

Heap:
 PSYoungGen      total 238592K, used 35459K [0x00000000d5b80000, 0x00000000e6c00000, 0x0000000100000000)
  eden space 228864K, 15% used [0x00000000d5b80000,0x00000000d7e20c60,0x00000000e3b00000)
  from space 9728K, 0% used [0x00000000e5980000,0x00000000e5980000,0x00000000e6300000)
  to   space 9216K, 0% used [0x00000000e6300000,0x00000000e6300000,0x00000000e6c00000)
 ParOldGen       total 123904K, used 28795K [0x0000000081200000, 0x0000000088b00000, 0x00000000d5b80000)
  object space 123904K, 23% used [0x0000000081200000,0x0000000082e1eda0,0x0000000088b00000)
 Metaspace       used 36358K, capacity 37132K, committed 37544K, reserved 1081344K
  class space    used 4464K, capacity 4681K, committed 4776K, reserved 1048576K

Card table byte_map: [0x00000000141b0000,0x00000000145b0000] byte_map_base: 0x0000000013da7000

Marking Bits: (ParMarkBitMap*) 0x000000006225f860
 Begin Bits: [0x0000000015060000, 0x0000000017018000)
 End Bits:   [0x0000000017018000, 0x0000000018fd0000)

Polling page: 0x0000000002f70000

CodeCache: size=245760Kb used=16941Kb max_used=16941Kb free=228818Kb
 bounds [0x0000000004df0000, 0x0000000005e90000, 0x0000000013df0000]
 total_blobs=5052 nmethods=4636 adapters=327
 compilation: enabled

Compilation events (10 events):
Event: 6.812 Thread 0x000000001bd28000 5348       3       com.sun.beans.WeakCache::get (42 bytes)
Event: 6.812 Thread 0x000000001bd28000 nmethod 5348 0x0000000005e85250 code [0x0000000005e853e0, 0x0000000005e85908]
Event: 6.814 Thread 0x000000001bd28000 5349       3       org.springframework.core.MethodParameter::getContainingClass (19 bytes)
Event: 6.814 Thread 0x000000001bd28000 nmethod 5349 0x0000000005e85a90 code [0x0000000005e85c20, 0x0000000005e85fa8]
Event: 6.814 Thread 0x000000001bd28000 5350       3       org.springframework.core.ResolvableType::forType (7 bytes)
Event: 6.815 Thread 0x000000001bd28000 nmethod 5350 0x0000000005e860d0 code [0x0000000005e86240, 0x0000000005e863c8]
Event: 6.815 Thread 0x000000001bd28000 5351       3       org.springframework.core.SerializableTypeWrapper$MethodParameterTypeProvider::<init> (74 bytes)
Event: 6.816 Thread 0x000000001bd28000 nmethod 5351 0x0000000005e86450 code [0x0000000005e86640, 0x0000000005e87148]
Event: 6.816 Thread 0x000000001bd28000 5352       1       sun.reflect.generics.scope.AbstractScope::getRecvr (5 bytes)
Event: 6.816 Thread 0x000000001bd28000 nmethod 5352 0x0000000005e874d0 code [0x0000000005e87620, 0x0000000005e87730]

GC Heap History (10 events):
Event: 4.424 GC heap before
{Heap before GC invocations=7 (full 0):
 PSYoungGen      total 144896K, used 46044K [0x00000000d5b80000, 0x00000000df680000, 0x0000000100000000)
  eden space 132608K, 27% used [0x00000000d5b80000,0x00000000d7ec8eb0,0x00000000ddd00000)
  from space 12288K, 80% used [0x00000000de980000,0x00000000df32e3d0,0x00000000df580000)
  to   space 12800K, 0% used [0x00000000ddd00000,0x00000000ddd00000,0x00000000de980000)
 ParOldGen       total 87552K, used 16781K [0x0000000081200000, 0x0000000086780000, 0x00000000d5b80000)
  object space 87552K, 19% used [0x0000000081200000,0x0000000082263548,0x0000000086780000)
 Metaspace       used 20593K, capacity 21140K, committed 21296K, reserved 1069056K
  class space    used 2479K, capacity 2632K, committed 2688K, reserved 1048576K
Event: 4.443 GC heap after
Heap after GC invocations=7 (full 0):
 PSYoungGen      total 145408K, used 11457K [0x00000000d5b80000, 0x00000000e7880000, 0x0000000100000000)
  eden space 132608K, 0% used [0x00000000d5b80000,0x00000000d5b80000,0x00000000ddd00000)
  from space 12800K, 89% used [0x00000000ddd00000,0x00000000de830428,0x00000000de980000)
  to   space 13312K, 0% used [0x00000000e6b80000,0x00000000e6b80000,0x00000000e7880000)
 ParOldGen       total 87552K, used 18637K [0x0000000081200000, 0x0000000086780000, 0x00000000d5b80000)
  object space 87552K, 21% used [0x0000000081200000,0x0000000082433448,0x0000000086780000)
 Metaspace       used 20593K, capacity 21140K, committed 21296K, reserved 1069056K
  class space    used 2479K, capacity 2632K, committed 2688K, reserved 1048576K
}
Event: 4.443 GC heap before
{Heap before GC invocations=8 (full 1):
 PSYoungGen      total 145408K, used 11457K [0x00000000d5b80000, 0x00000000e7880000, 0x0000000100000000)
  eden space 132608K, 0% used [0x00000000d5b80000,0x00000000d5b80000,0x00000000ddd00000)
  from space 12800K, 89% used [0x00000000ddd00000,0x00000000de830428,0x00000000de980000)
  to   space 13312K, 0% used [0x00000000e6b80000,0x00000000e6b80000,0x00000000e7880000)
 ParOldGen       total 87552K, used 18637K [0x0000000081200000, 0x0000000086780000, 0x00000000d5b80000)
  object space 87552K, 21% used [0x0000000081200000,0x0000000082433448,0x0000000086780000)
 Metaspace       used 20593K, capacity 21140K, committed 21296K, reserved 1069056K
  class space    used 2479K, capacity 2632K, committed 2688K, reserved 1048576K
Event: 4.556 GC heap after
Heap after GC invocations=8 (full 1):
 PSYoungGen      total 145408K, used 0K [0x00000000d5b80000, 0x00000000e7880000, 0x0000000100000000)
  eden space 132608K, 0% used [0x00000000d5b80000,0x00000000d5b80000,0x00000000ddd00000)
  from space 12800K, 0% used [0x00000000ddd00000,0x00000000ddd00000,0x00000000de980000)
  to   space 13312K, 0% used [0x00000000e6b80000,0x00000000e6b80000,0x00000000e7880000)
 ParOldGen       total 82944K, used 22789K [0x0000000081200000, 0x0000000086300000, 0x00000000d5b80000)
  object space 82944K, 27% used [0x0000000081200000,0x0000000082841718,0x0000000086300000)
 Metaspace       used 20593K, capacity 21140K, committed 21296K, reserved 1069056K
  class space    used 2479K, capacity 2632K, committed 2688K, reserved 1048576K
}
Event: 5.863 GC heap before
{Heap before GC invocations=9 (full 1):
 PSYoungGen      total 145408K, used 132608K [0x00000000d5b80000, 0x00000000e7880000, 0x0000000100000000)
  eden space 132608K, 100% used [0x00000000d5b80000,0x00000000ddd00000,0x00000000ddd00000)
  from space 12800K, 0% used [0x00000000ddd00000,0x00000000ddd00000,0x00000000de980000)
  to   space 13312K, 0% used [0x00000000e6b80000,0x00000000e6b80000,0x00000000e7880000)
 ParOldGen       total 82944K, used 22789K [0x0000000081200000, 0x0000000086300000, 0x00000000d5b80000)
  object space 82944K, 27% used [0x0000000081200000,0x0000000082841718,0x0000000086300000)
 Metaspace       used 32633K, capacity 33380K, committed 33664K, reserved 1079296K
  class space    used 3964K, capacity 4189K, committed 4224K, reserved 1048576K
Event: 5.877 GC heap after
Heap after GC invocations=9 (full 1):
 PSYoungGen      total 197120K, used 13301K [0x00000000d5b80000, 0x00000000e7880000, 0x0000000100000000)
  eden space 183808K, 0% used [0x00000000d5b80000,0x00000000d5b80000,0x00000000e0f00000)
  from space 13312K, 99% used [0x00000000e6b80000,0x00000000e787d420,0x00000000e7880000)
  to   space 15872K, 0% used [0x00000000e5980000,0x00000000e5980000,0x00000000e6900000)
 ParOldGen       total 82944K, used 24919K [0x0000000081200000, 0x0000000086300000, 0x00000000d5b80000)
  object space 82944K, 30% used [0x0000000081200000,0x0000000082a55cf8,0x0000000086300000)
 Metaspace       used 32633K, capacity 33380K, committed 33664K, reserved 1079296K
  class space    used 3964K, capacity 4189K, committed 4224K, reserved 1048576K
}
Event: 6.337 GC heap before
{Heap before GC invocations=10 (full 1):
 PSYoungGen      total 197120K, used 56010K [0x00000000d5b80000, 0x00000000e7880000, 0x0000000100000000)
  eden space 183808K, 23% used [0x00000000d5b80000,0x00000000d85356c8,0x00000000e0f00000)
  from space 13312K, 99% used [0x00000000e6b80000,0x00000000e787d420,0x00000000e7880000)
  to   space 15872K, 0% used [0x00000000e5980000,0x00000000e5980000,0x00000000e6900000)
 ParOldGen       total 82944K, used 24919K [0x0000000081200000, 0x0000000086300000, 0x00000000d5b80000)
  object space 82944K, 30% used [0x0000000081200000,0x0000000082a55cf8,0x0000000086300000)
 Metaspace       used 34607K, capacity 35380K, committed 35496K, reserved 1081344K
  class space    used 4260K, capacity 4485K, committed 4520K, reserved 1048576K
Event: 6.349 GC heap after
Heap after GC invocations=10 (full 1):
 PSYoungGen      total 238592K, used 9360K [0x00000000d5b80000, 0x00000000e6c00000, 0x0000000100000000)
  eden space 228864K, 0% used [0x00000000d5b80000,0x00000000d5b80000,0x00000000e3b00000)
  from space 9728K, 96% used [0x00000000e5980000,0x00000000e62a4388,0x00000000e6300000)
  to   space 9216K, 0% used [0x00000000e6300000,0x00000000e6300000,0x00000000e6c00000)
 ParOldGen       total 82944K, used 24927K [0x0000000081200000, 0x0000000086300000, 0x00000000d5b80000)
  object space 82944K, 30% used [0x0000000081200000,0x0000000082a57cf8,0x0000000086300000)
 Metaspace       used 34607K, capacity 35380K, committed 35496K, reserved 1081344K
  class space    used 4260K, capacity 4485K, committed 4520K, reserved 1048576K
}
Event: 6.349 GC heap before
{Heap before GC invocations=11 (full 2):
 PSYoungGen      total 238592K, used 9360K [0x00000000d5b80000, 0x00000000e6c00000, 0x0000000100000000)
  eden space 228864K, 0% used [0x00000000d5b80000,0x00000000d5b80000,0x00000000e3b00000)
  from space 9728K, 96% used [0x00000000e5980000,0x00000000e62a4388,0x00000000e6300000)
  to   space 9216K, 0% used [0x00000000e6300000,0x00000000e6300000,0x00000000e6c00000)
 ParOldGen       total 82944K, used 24927K [0x0000000081200000, 0x0000000086300000, 0x00000000d5b80000)
  object space 82944K, 30% used [0x0000000081200000,0x0000000082a57cf8,0x0000000086300000)
 Metaspace       used 34607K, capacity 35380K, committed 35496K, reserved 1081344K
  class space    used 4260K, capacity 4485K, committed 4520K, reserved 1048576K
Event: 6.423 GC heap after
Heap after GC invocations=11 (full 2):
 PSYoungGen      total 238592K, used 0K [0x00000000d5b80000, 0x00000000e6c00000, 0x0000000100000000)
  eden space 228864K, 0% used [0x00000000d5b80000,0x00000000d5b80000,0x00000000e3b00000)
  from space 9728K, 0% used [0x00000000e5980000,0x00000000e5980000,0x00000000e6300000)
  to   space 9216K, 0% used [0x00000000e6300000,0x00000000e6300000,0x00000000e6c00000)
 ParOldGen       total 123904K, used 28795K [0x0000000081200000, 0x0000000088b00000, 0x00000000d5b80000)
  object space 123904K, 23% used [0x0000000081200000,0x0000000082e1eda0,0x0000000088b00000)
 Metaspace       used 34607K, capacity 35380K, committed 35496K, reserved 1081344K
  class space    used 4260K, capacity 4485K, committed 4520K, reserved 1048576K
}

Deoptimization events (10 events):
Event: 6.017 Thread 0x0000000020050800 Uncommon trap: reason=class_check action=maybe_recompile pc=0x0000000005991d44 method=java.util.concurrent.ConcurrentHashMap.putVal(Ljava/lang/Object;Ljava/lang/Object;Z)Ljava/lang/Object; @ 192
Event: 6.130 Thread 0x0000000020050800 Uncommon trap: reason=unstable_if action=reinterpret pc=0x0000000005041558 method=java.lang.AbstractStringBuilder.append(Ljava/lang/String;)Ljava/lang/AbstractStringBuilder; @ 1
Event: 6.130 Thread 0x0000000020050800 Uncommon trap: reason=unstable_if action=reinterpret pc=0x0000000004fe81c4 method=java.lang.AbstractStringBuilder.append(Ljava/lang/String;)Ljava/lang/AbstractStringBuilder; @ 1
Event: 6.185 Thread 0x0000000020050800 Uncommon trap: reason=unstable_if action=reinterpret pc=0x0000000005465d28 method=java.util.LinkedHashMap.get(Ljava/lang/Object;)Ljava/lang/Object; @ 20
Event: 6.271 Thread 0x0000000020050800 Uncommon trap: reason=unstable_if action=reinterpret pc=0x0000000005cde3dc method=org.springframework.util.ReflectionUtils$2.doWith(Ljava/lang/reflect/Method;)V @ 76
Event: 6.516 Thread 0x0000000020050800 Uncommon trap: reason=unstable_if action=reinterpret pc=0x000000000533d7e0 method=org.springframework.asm.MethodVisitor.visitMethodInsn(ILjava/lang/String;Ljava/lang/String;Ljava/lang/String;Z)V @ 50
Event: 6.565 Thread 0x0000000020050800 Uncommon trap: reason=unstable_if action=reinterpret pc=0x0000000005c90cdc method=java.util.LinkedList.node(I)Ljava/util/LinkedList$Node; @ 49
Event: 6.622 Thread 0x0000000020050800 Uncommon trap: reason=bimorphic action=maybe_recompile pc=0x0000000005d422a4 method=org.springframework.asm.ClassReader.readCode(Lorg/springframework/asm/MethodVisitor;Lorg/springframework/asm/Context;I)V @ 1863
Event: 6.622 Thread 0x0000000020050800 Uncommon trap: reason=bimorphic action=maybe_recompile pc=0x0000000005d422a4 method=org.springframework.asm.ClassReader.readCode(Lorg/springframework/asm/MethodVisitor;Lorg/springframework/asm/Context;I)V @ 1863
Event: 6.770 Thread 0x0000000020050800 Uncommon trap: reason=unstable_if action=reinterpret pc=0x0000000005d40450 method=org.springframework.asm.ClassReader.readCode(Lorg/springframework/asm/MethodVisitor;Lorg/springframework/asm/Context;I)V @ 826

Classes redefined (0 events):
No events

Internal exceptions (10 events):
Event: 6.766 Thread 0x0000000020050800 Exception <a 'java/lang/ClassNotFoundException': org/springframework/core/PriorityOrderedCustomizer> (0x00000000d7848700) thrown at [C:\re\workspace\8-2-build-windows-amd64-cygwin\jdk8u161\10277\hotspot\src\share\vm\classfile\systemDictionary.cpp, line 21
Event: 6.810 Thread 0x0000000020050800 Exception <a 'java/lang/ClassNotFoundException': java/lang/ObjectCustomizer> (0x00000000d7aa5880) thrown at [C:\re\workspace\8-2-build-windows-amd64-cygwin\jdk8u161\10277\hotspot\src\share\vm\classfile\systemDictionary.cpp, line 210]
Event: 6.811 Thread 0x0000000020050800 Exception <a 'java/lang/ClassNotFoundException': org/springframework/validation/beanvalidation/SpringValidatorAdapterCustomizer> (0x00000000d7acf1d0) thrown at [C:\re\workspace\8-2-build-windows-amd64-cygwin\jdk8u161\10277\hotspot\src\share\vm\classfile\s
Event: 6.813 Thread 0x0000000020050800 Exception <a 'java/lang/ClassNotFoundException': org/springframework/validation/beanvalidation/LocalValidatorFactoryBeanCustomizer> (0x00000000d7b05f40) thrown at [C:\re\workspace\8-2-build-windows-amd64-cygwin\jdk8u161\10277\hotspot\src\share\vm\classfil
Event: 6.815 Thread 0x0000000020050800 Exception <a 'java/lang/ClassNotFoundException': javax/validation/ValidatorFactoryCustomizer> (0x00000000d7b46138) thrown at [C:\re\workspace\8-2-build-windows-amd64-cygwin\jdk8u161\10277\hotspot\src\share\vm\classfile\systemDictionary.cpp, line 210]
Event: 6.816 Thread 0x0000000020050800 Exception <a 'java/lang/ClassNotFoundException': org/springframework/context/ApplicationContextAwareCustomizer> (0x00000000d7b6e670) thrown at [C:\re\workspace\8-2-build-windows-amd64-cygwin\jdk8u161\10277\hotspot\src\share\vm\classfile\systemDictionary.c
Event: 6.817 Thread 0x0000000020050800 Exception <a 'java/lang/ClassNotFoundException': org/springframework/beans/factory/InitializingBeanCustomizer> (0x00000000d7b8f3e8) thrown at [C:\re\workspace\8-2-build-windows-amd64-cygwin\jdk8u161\10277\hotspot\src\share\vm\classfile\systemDictionary.cp
Event: 6.817 Thread 0x0000000020050800 Exception <a 'java/lang/ClassNotFoundException': org/springframework/beans/factory/DisposableBeanCustomizer> (0x00000000d7badc08) thrown at [C:\re\workspace\8-2-build-windows-amd64-cygwin\jdk8u161\10277\hotspot\src\share\vm\classfile\systemDictionary.cpp,
Event: 6.818 Thread 0x0000000020050800 Exception <a 'java/lang/ClassNotFoundException': org/springframework/validation/SmartValidatorCustomizer> (0x00000000d7bcbc80) thrown at [C:\re\workspace\8-2-build-windows-amd64-cygwin\jdk8u161\10277\hotspot\src\share\vm\classfile\systemDictionary.cpp, li
Event: 6.818 Thread 0x0000000020050800 Exception <a 'java/lang/ClassNotFoundException': javax/validation/ValidatorCustomizer> (0x00000000d7be3560) thrown at [C:\re\workspace\8-2-build-windows-amd64-cygwin\jdk8u161\10277\hotspot\src\share\vm\classfile\systemDictionary.cpp, line 210]

Events (10 events):
Event: 6.827 loading class org/hibernate/validator/internal/util/logging/Log_$logger_ko_KR
Event: 6.827 loading class org/hibernate/validator/internal/util/logging/Log_$logger_ko_KR done
Event: 6.827 loading class org/hibernate/validator/internal/util/logging/Log_$logger_ko
Event: 6.827 loading class org/hibernate/validator/internal/util/logging/Log_$logger_ko done
Event: 6.827 Executing VM operation: RevokeBias
Event: 6.827 Executing VM operation: RevokeBias done
Event: 6.827 Executing VM operation: RevokeBias
Event: 6.827 Executing VM operation: RevokeBias done
Event: 6.828 loading class org/hibernate/validator/internal/xml/ResourceLoaderHelper
Event: 6.828 loading class org/hibernate/validator/internal/xml/ResourceLoaderHelper done


Dynamic libraries:
0x00007ff7c3f70000 - 0x00007ff7c3fa7000 	C:\Program Files\Java\jdk1.8.0_161\bin\java.exe
0x00007ffe1f630000 - 0x00007ffe1f810000 	C:\WINDOWS\SYSTEM32\ntdll.dll
0x00007ffe1db40000 - 0x00007ffe1dbee000 	C:\WINDOWS\System32\KERNEL32.DLL
0x00007ffe1ba90000 - 0x00007ffe1bcf6000 	C:\WINDOWS\System32\KERNELBASE.dll
0x00007ffe1cb00000 - 0x00007ffe1cba1000 	C:\WINDOWS\System32\ADVAPI32.dll
0x00007ffe1d660000 - 0x00007ffe1d6fd000 	C:\WINDOWS\System32\msvcrt.dll
0x00007ffe1cbb0000 - 0x00007ffe1cc0b000 	C:\WINDOWS\System32\sechost.dll
0x00007ffe1f4e0000 - 0x00007ffe1f5ff000 	C:\WINDOWS\System32\RPCRT4.dll
0x00007ffe1d0b0000 - 0x00007ffe1d23f000 	C:\WINDOWS\System32\USER32.dll
0x00007ffe1bf50000 - 0x00007ffe1bf70000 	C:\WINDOWS\System32\win32u.dll
0x00007ffe1da90000 - 0x00007ffe1dab8000 	C:\WINDOWS\System32\GDI32.dll
0x00007ffe1c960000 - 0x00007ffe1caf3000 	C:\WINDOWS\System32\gdi32full.dll
0x00007ffe1bd00000 - 0x00007ffe1bd9b000 	C:\WINDOWS\System32\msvcp_win.dll
0x00007ffe1bda0000 - 0x00007ffe1be95000 	C:\WINDOWS\System32\ucrtbase.dll
0x00007ffdfebd0000 - 0x00007ffdfee39000 	C:\WINDOWS\WinSxS\amd64_microsoft.windows.common-controls_6595b64144ccf1df_6.0.16299.611_none_15c7d8029365981f\COMCTL32.dll
0x00007ffe1d240000 - 0x00007ffe1d547000 	C:\WINDOWS\System32\combase.dll
0x00007ffe1bf70000 - 0x00007ffe1bfe2000 	C:\WINDOWS\System32\bcryptPrimitives.dll
0x00007ffe1d070000 - 0x00007ffe1d09d000 	C:\WINDOWS\System32\IMM32.DLL
0x0000000062fe0000 - 0x00000000630b2000 	C:\Program Files\Java\jdk1.8.0_161\jre\bin\msvcr100.dll
0x0000000061a40000 - 0x00000000622df000 	C:\Program Files\Java\jdk1.8.0_161\jre\bin\server\jvm.dll
0x00007ffe1d0a0000 - 0x00007ffe1d0a8000 	C:\WINDOWS\System32\PSAPI.DLL
0x00007ffe10e80000 - 0x00007ffe10e8a000 	C:\WINDOWS\SYSTEM32\VERSION.dll
0x00007ffe198d0000 - 0x00007ffe198f3000 	C:\WINDOWS\SYSTEM32\WINMM.dll
0x00007ffe164a0000 - 0x00007ffe164a9000 	C:\WINDOWS\SYSTEM32\WSOCK32.dll
0x00007ffe1d700000 - 0x00007ffe1d76c000 	C:\WINDOWS\System32\WS2_32.dll
0x00007ffe195a0000 - 0x00007ffe195ca000 	C:\WINDOWS\SYSTEM32\WINMMBASE.dll
0x00007ffe1bff0000 - 0x00007ffe1c03a000 	C:\WINDOWS\System32\cfgmgr32.dll
0x0000000061950000 - 0x000000006195f000 	C:\Program Files\Java\jdk1.8.0_161\jre\bin\verify.dll
0x0000000061920000 - 0x0000000061949000 	C:\Program Files\Java\jdk1.8.0_161\jre\bin\java.dll
0x0000000061900000 - 0x0000000061916000 	C:\Program Files\Java\jdk1.8.0_161\jre\bin\zip.dll
0x00007ffe1dbf0000 - 0x00007ffe1f028000 	C:\WINDOWS\System32\SHELL32.dll
0x00007ffe1d810000 - 0x00007ffe1d8b6000 	C:\WINDOWS\System32\shcore.dll
0x00007ffe1c210000 - 0x00007ffe1c957000 	C:\WINDOWS\System32\windows.storage.dll
0x00007ffe1f320000 - 0x00007ffe1f371000 	C:\WINDOWS\System32\shlwapi.dll
0x00007ffe1b9f0000 - 0x00007ffe1ba01000 	C:\WINDOWS\System32\kernel.appcore.dll
0x00007ffe1b9a0000 - 0x00007ffe1b9ec000 	C:\WINDOWS\System32\powrprof.dll
0x00007ffe1b980000 - 0x00007ffe1b99b000 	C:\WINDOWS\System32\profapi.dll
0x00007ffe19c60000 - 0x00007ffe19c6a000 	C:\apache-maven-3.5.0\lib\jansi-native\windows64\jansi.dll
0x00000000618e0000 - 0x00000000618fa000 	C:\Program Files\Java\jdk1.8.0_161\jre\bin\net.dll
0x00007ffe1b210000 - 0x00007ffe1b276000 	C:\WINDOWS\system32\mswsock.dll
0x00000000618c0000 - 0x00000000618d1000 	C:\Program Files\Java\jdk1.8.0_161\jre\bin\nio.dll
0x00000000616c0000 - 0x00000000616cd000 	C:\Program Files\Java\jdk1.8.0_161\jre\bin\management.dll
0x00007ffe16380000 - 0x00007ffe16396000 	C:\WINDOWS\system32\napinsp.dll
0x00007ffe16360000 - 0x00007ffe1637a000 	C:\WINDOWS\system32\pnrpnsp.dll
0x00007ffe19990000 - 0x00007ffe199a8000 	C:\WINDOWS\system32\NLAapi.dll
0x00007ffe1afe0000 - 0x00007ffe1b096000 	C:\WINDOWS\SYSTEM32\DNSAPI.dll
0x00007ffe1f4b0000 - 0x00007ffe1f4b8000 	C:\WINDOWS\System32\NSI.dll
0x00007ffe1afa0000 - 0x00007ffe1afd9000 	C:\WINDOWS\SYSTEM32\IPHLPAPI.DLL
0x00007ffe164d0000 - 0x00007ffe164de000 	C:\WINDOWS\System32\winrnr.dll
0x00007ffdf91a0000 - 0x00007ffdf91b5000 	C:\WINDOWS\System32\wshbth.dll
0x00007ffe13be0000 - 0x00007ffe13bea000 	C:\Windows\System32\rasadhlp.dll
0x00007ffe14320000 - 0x00007ffe14390000 	C:\WINDOWS\System32\fwpuclnt.dll
0x00007ffe1b4e0000 - 0x00007ffe1b505000 	C:\WINDOWS\SYSTEM32\bcrypt.dll

VM Arguments:
jvm_args: -Dclassworlds.conf=C:\apache-maven-3.5.0\bin\..\bin\m2.conf -Dmaven.home=C:\apache-maven-3.5.0\bin\.. -Dmaven.multiModuleProjectDirectory=D:\github\rest-mondrian 
java_command: org.codehaus.plexus.classworlds.launcher.Launcher spring-boot:run
java_class_path (initial): C:\apache-maven-3.5.0\bin\..\boot\plexus-classworlds-2.5.2.jar
Launcher Type: SUN_STANDARD

Environment Variables:
JAVA_HOME=C:\Program Files\Java\jdk1.8.0_161
PATH=C:\Python27;C:\ProgramData\Oracle\Java\javapath;C:\WINDOWS\system32;C:\WINDOWS;C:\WINDOWS\System32\Wbem;C:\WINDOWS\System32\WindowsPowerShell\v1.0\;C:\Program Files\nodejs\;C:\apache-maven-3.5.0\bin;C:\Program Files\Git\cmd;C:\Users\jysong\AppData\Local\Programs\Python\Python36-32\script;C:\Program Files\Java\jdk1.8.0_161\bin;C:\gradle-4.2\bin;D:\marmot.client.dist-master\marmot.client.dist-master\bin\windows;C:\Program Files (x86)\Windows Kits\8.1\Windows Performance Toolkit\;C:\Python27\Scripts;C:\Program Files\Perforce\;D:\apache-ant-1.8.1-bin\apache-ant-1.8.1\bin;c:\jruby-9.1.16.0\bin;C:\Users\jysong\AppData\Local\Microsoft\WindowsApps;C:\Users\jysong\AppData\Roaming\npm;C:\Program Files\Bandizip\
USERNAME=jysong
OS=Windows_NT
PROCESSOR_IDENTIFIER=Intel64 Family 6 Model 60 Stepping 3, GenuineIntel



---------------  S Y S T E M  ---------------

OS: Windows 10.0 , 64 bit Build 16299 (10.0.16299.431)

CPU:total 8 (initial active 8) (4 cores per cpu, 2 threads per core) family 6 model 60 stepping 3, cmov, cx8, fxsr, mmx, sse, sse2, sse3, ssse3, sse4.1, sse4.2, popcnt, avx, avx2, aes, clmul, erms, lzcnt, ht, tsc, tscinvbit, bmi1, bmi2

Memory: 4k page, physical 8307120k(1638708k free), swap 33472944k(5712k free)

vm_info: Java HotSpot(TM) 64-Bit Server VM (25.161-b12) for windows-amd64 JRE (1.8.0_161-b12), built on Dec 19 2017 17:52:25 by "java_re" with MS VC++ 10.0 (VS2010)

time: Mon Sep 10 17:36:39 2018
elapsed time: 6 seconds (0d 0h 0m 6s)

