1536566054889|-1||debug||com.p6spy.engine.common.P6SpyOptions reloading properties
1536566054896|-1||info||Using properties file: D:\github\rest-mondrian\target\classes\spy.properties
1536566054896|-1||info||No value in environment for: getStackTrace, using: false
1536566054896|-1||info||No value in environment for: getUsePrefix, using: false
1536566054896|-1||info||No value in environment for: getDateformatter, using: null
1536566054897|-1||info||No value in environment for: getStringmatcher, using: com.p6spy.engine.common.SubstringMatcher
1536566054897|-1||info||No value in environment for: getRealdriver, using: triton.jdbc.driver.TritonDriver
1536566054897|-1||info||No value in environment for: getAutoflush, using: true
1536566054897|-1||info||No value in environment for: getSpydriver, using: com.p6spy.engine.spy.P6SpyDriver
1536566054897|-1||info||No value in environment for: getRealdriver3, using: null
1536566054897|-1||info||No value in environment for: getSQLExpression, using: null
1536566054897|-1||info||No value in environment for: getLogfile, using: spy.log
1536566054897|-1||info||No value in environment for: getDateformat, using: 
1536566054897|-1||info||No value in environment for: getExclude, using: 
1536566054897|-1||info||No value in environment for: getRealdriver2, using: null
1536566054897|-1||info||No value in environment for: getAppend, using: true
1536566054897|-1||info||No value in environment for: getFilter, using: false
1536566054897|-1||info||No value in environment for: getInclude, using: 
1536566054897|-1||info||No value in environment for: getAppender, using: com.p6spy.engine.logging.appender.FileLogger
1536566054897|-1||info||No value in environment for: getReloadPropertiesInterval, using: 60
1536566054897|-1||info||No value in environment for: getRealDataSourceProperties, using: null
1536566054898|-1||info||No value in environment for: getRealDataSourceClass, using: null
1536566054898|-1||info||No value in environment for: getRealDataSource, using: null
1536566054898|-1||info||No value in environment for: getReloadProperties, using: false
1536566054898|-1||info||No value in environment for: getJNDIContextProviderURL, using: null
1536566054898|-1||info||No value in environment for: getJNDIContextCustom, using: null
1536566054898|-1||info||No value in environment for: getJNDIContextFactory, using: null
1536566054898|-1||info||No value in environment for: getDeregisterDrivers, using: true
1536566054898|-1||info||No value in environment for: getExecutionThreshold, using: 0
1536566054898|-1||info||No value in environment for: getExcludecategories, using: info,debug,result,batch
1536566054898|-1||info||No value in environment for: getIncludecategories, using: 
1536566054898|-1||info||No value in environment for: getStringMatcherEngine, using: com.p6spy.engine.common.SubstringMatcher@2425cd82
1536566054898|-1||info||No value in environment for: getStackTraceClass, using: 
